\BOOKMARK [-1][-]{part.1}{\376\377\000I\000\040\227\142\124\021\133\371\214\141\122\006\147\220\116\016\213\276\213\241}{}% 1
\BOOKMARK [0][-]{chapter.1}{\376\377\174\173\116\016\133\371\214\141}{part.1}% 2
\BOOKMARK [1][-]{section.1.1}{\376\377\227\142\124\021\133\371\214\141\166\204\127\372\147\054\151\202\137\365}{chapter.1}% 3
\BOOKMARK [2][-]{subsection.1.1.1}{\376\377\174\173\116\016\133\371\214\141}{section.1.1}% 4
\BOOKMARK [2][-]{subsection.1.1.2}{\376\377\174\173\166\204\133\232\116\111}{section.1.1}% 5
\BOOKMARK [0][-]{chapter.2}{\376\377\000J\000a\000v\000a\000\040\213\355\212\000\151\202\217\360}{part.1}% 6
\BOOKMARK [1][-]{section.2.1}{\376\377\000H\000e\000l\000l\000o\000\040\000J\000a\000v\000a\000\040\000W\000o\000r\000l\000d\000!}{chapter.2}% 7
\BOOKMARK [2][-]{subsection.2.1.1}{\376\377\145\271\154\325\166\204\133\232\116\111\124\214\000\040\000|\000m\000a\000i\000n\000|\000\040\145\271\154\325}{section.2.1}% 8
\BOOKMARK [2][-]{subsection.2.1.2}{\376\377\000J\000a\000v\000a\000\040\213\355\123\345\124\214\000\040\000|\000.\000|\000\040\217\320\173\227\173\046}{section.2.1}% 9
\BOOKMARK [1][-]{section.2.2}{\376\377\000J\000a\000v\000a\000\040\166\204\127\372\170\100\213\355\154\325}{chapter.2}% 10
\BOOKMARK [2][-]{subsection.2.2.1}{\376\377\000J\000a\000v\000a\000\040\217\154\116\111\133\127\173\046}{section.2.2}% 11
\BOOKMARK [2][-]{subsection.2.2.2}{\376\377\000J\000a\000v\000a\000\040\154\350\221\312}{section.2.2}% 12
\BOOKMARK [1][-]{section.2.3}{\376\377\000J\000a\000v\000a\000\040\213\355\212\000\166\204\162\171\160\271}{chapter.2}% 13
\BOOKMARK [2][-]{subsection.2.3.1}{\376\377\227\142\124\021\133\371\214\141}{section.2.3}% 14
\BOOKMARK [2][-]{subsection.2.3.2}{\376\377\120\145\130\356\140\047}{section.2.3}% 15
\BOOKMARK [2][-]{subsection.2.3.3}{\376\377\123\357\171\373\151\015\140\047}{section.2.3}% 16
\BOOKMARK [2][-]{subsection.2.3.4}{\376\377\211\343\221\312\140\047}{section.2.3}% 17
\BOOKMARK [-1][-]{part.2}{\376\377\000I\000I\000\040\000J\000a\000v\000a\000\040\172\013\136\217\213\276\213\241}{}% 18
\BOOKMARK [0][-]{chapter.3}{\376\377\123\330\221\317\116\016\217\320\173\227\173\046}{part.2}% 19
\BOOKMARK [1][-]{section.3.1}{\376\377\123\330\221\317}{chapter.3}% 20
\BOOKMARK [1][-]{section.3.2}{\376\377\145\160\120\074\145\160\143\156\174\173\127\213\123\312\121\166\144\315\117\134}{chapter.3}% 21
\BOOKMARK [1][-]{section.3.3}{\376\377\145\160\120\074\145\160\143\156\174\173\127\213\123\330\221\317\166\204\174\173\127\213\217\154\143\142}{chapter.3}% 22
\BOOKMARK [2][-]{subsection.3.3.1}{\376\377\201\352\122\250\174\173\127\213\217\154\143\142}{section.3.3}% 23
\BOOKMARK [2][-]{subsection.3.3.2}{\376\377\137\072\122\066\174\173\127\213\217\154\143\142}{section.3.3}% 24
\BOOKMARK [0][-]{chapter.4}{\376\377\176\347\142\177\124\214\131\032\140\001}{part.2}% 25
\BOOKMARK [0][-]{chapter.5}{\376\377\142\275\214\141\174\173\124\214\143\245\123\343}{part.2}% 26
\BOOKMARK [1][-]{section.5.1}{\376\377\142\275\214\141\174\173}{chapter.5}% 27
\BOOKMARK [1][-]{section.5.2}{\376\377\143\245\123\343}{chapter.5}% 28
\BOOKMARK [1][-]{section.5.3}{\376\377\150\007\213\260\143\245\123\343}{chapter.5}% 29
\BOOKMARK [1][-]{section.5.4}{\376\377\142\275\214\141\174\173\124\214\143\245\123\343\166\204\123\072\122\053\116\016\200\124\174\373}{chapter.5}% 30
\BOOKMARK [-1][-]{part.3}{\376\377\000I\000I\000I\000\040\145\160\143\156\176\323\147\204\116\016\173\227\154\325}{}% 31
\BOOKMARK [0][-]{chapter.6}{\376\377\176\277\140\047\210\150}{part.3}% 32
\BOOKMARK [1][-]{section.6.1}{\376\377\224\376\210\150}{chapter.6}% 33
\BOOKMARK [2][-]{subsection.6.1.1}{\376\377\000|\000N\000o\000d\000e\000|\000\040\174\173\000:\000\040\224\376\210\150\166\204\202\202\160\271}{section.6.1}% 34
\BOOKMARK [2][-]{subsection.6.1.2}{\376\377\000|\000L\000i\000n\000k\000e\000d\000L\000i\000s\000t\000|\000\040\174\173\000:\000\040\224\376\210\150\166\204\133\236\163\260}{section.6.1}% 35
\BOOKMARK [-1][-]{part.4}{\376\377\000I\000V\000\040\116\343\170\001\213\276\213\241}{}% 36
\BOOKMARK [0][-]{chapter.7}{\376\377\116\343\170\001\213\276\213\241\151\202\217\360}{part.4}% 37
\BOOKMARK [1][-]{section.7.1}{\376\377\121\163\116\216\227\142\124\021\133\371\214\141\177\026\172\013\203\003\137\017\166\204\217\333\116\000\153\145\213\250\213\272}{chapter.7}% 38
\BOOKMARK [2][-]{subsection.7.1.1}{\376\377\227\142\124\021\133\371\214\141\177\026\172\013\203\003\137\017\166\204\162\171\140\047}{section.7.1}% 39
\BOOKMARK [0][-]{chapter.8}{\376\377\213\276\213\241\152\041\137\017}{part.4}% 40
\BOOKMARK [1][-]{section.8.1}{\376\377\122\033\136\372\127\213\213\276\213\241\152\041\137\017}{chapter.8}% 41
\BOOKMARK [2][-]{subsection.8.1.1}{\376\377\123\125\117\213\152\041\137\017}{section.8.1}% 42
\BOOKMARK [-1][-]{part.5}{\376\377\000V\000\040\177\026\172\013\220\037\147\345}{}% 43
\BOOKMARK [0][-]{chapter.9}{\376\377\145\366\225\364\166\370\121\163\166\204\227\000\154\102\040\046\040\046}{part.5}% 44
\BOOKMARK [1][-]{section.9.1}{\376\377\000|\000C\000a\000l\000e\000n\000d\000a\000r\000|\000\040\174\173\123\312\121\166\133\120\174\173\377\032\000\040\210\150\171\072\174\276\170\156\122\060\153\353\171\322\166\204\162\171\133\232\145\366\122\073}{chapter.9}% 45
\BOOKMARK [2][-]{subsection.9.1.1}{\376\377\131\015\116\140\123\302\200\003\230\230}{section.9.1}% 46
\BOOKMARK [0][-]{appendix*.7}{\376\377\123\302\200\003\145\207\163\056}{part.5}% 47
